<html xmlns:math="http://exslt.org/math" xmlns:testng="http://testng.org">
   <head>
      <title>TestNG Results</title>
      <meta http-equiv="content-type" content="text/html; charset=utf-8"></meta>
      <meta http-equiv="pragma" content="no-cache"></meta>
      <meta http-equiv="cache-control" content="max-age=0"></meta>
      <meta http-equiv="cache-control" content="no-cache"></meta>
      <meta http-equiv="cache-control" content="no-store"></meta>
      <LINK rel="stylesheet" href="style.css"></LINK>
      <script type="text/javascript" src="main.js"></script>
   </head>
   <body>
      <table width="100%" style="font-size: 16px; margin-bottom: 10px;" cellspacing="1">
         <tr>
            <td width="100%">
               All methods in suite
               
               <b>Yahoo</b>
            </td>
            <td style="background-color: #FFBBBB; padding: 3px 3px 3px 0;" align="center">
               <div style="width: 50px;">1</div>
            </td>
            <td style="background-color: lightgreen; padding: 3px 3px 3px 0;" align="center">
               <div style="width: 50px;">5</div>
            </td>
            <td style="background-color: #FFFFBB; padding: 3px 3px 3px 0;" align="center">
               <div style="width: 50px;">1</div>
            </td>
            <td align="center" style="background-color: #eaf0f7; padding: 3px 3px 3px 0;">
               <div style="width: 50px;">7</div>
            </td>
            <td align="center"
                style="font-weight: bold; background-color: #eaf0f7; padding: 3px 3px 3px 0;">
               <div style="width: 50px;">71%</div>
            </td>
            <td style="background-color: #eaf0f7; padding: 3px 3px 3px 0;" align="center"
                nowrap="true">57 ms
               
            </td>
         </tr>
      </table>
      <div style="width: 200px;">
         <label for="groupMethodsCheckBox" style="font-weight: bold; margin: 0;">
            <input id="groupMethodsCheckBox" type="checkbox" onclick="switchTestMethodsView(this)"></input>
            Group by class
            
         </label>
         <br></br>
         <label for="methodsFilter_ALL" style="font-weight: bold; margin: 0;">
            <input id="methodsFilter_ALL" type="checkbox"
                   onclick="testMethodsFilterChanged(this, 'ALL')"></input>
            All
            
         </label>
      </div>
      <label for="methodsFilter_FAIL" style="margin-left: 20px;">
         <input id="methodsFilter_FAIL" type="checkbox"
                onclick="testMethodsFilterChanged(this, 'FAIL')"
                checked=""></input>
         Failed
         
      </label>
      <label for="methodsFilter_PASS">
         <input id="methodsFilter_PASS" type="checkbox"
                onclick="testMethodsFilterChanged(this, 'PASS')"
                checked=""></input>
         Passed
         
      </label>
      <label for="methodsFilter_SKIP">
         <input id="methodsFilter_SKIP" type="checkbox"
                onclick="testMethodsFilterChanged(this, 'SKIP')"
                checked=""></input>
         Skipped
         
      </label>
      <label for="methodsFilter_CONF">
         <input id="methodsFilter_CONF" type="checkbox"
                onclick="testMethodsFilterChanged(this, 'CONF')"></input>
         Config
         
      </label>
      <br></br>
      <div id="testMethodsByStatus">
         <table class="testMethodsTable" cellpadding="0" cellspacing="0">
            <tr class="methodsTableHeader">
               <td width="100%">Name</td>
               <td nowrap="true">Started</td>
               <td nowrap="true">Duration</td>
               <td>Exception</td>
            </tr>
            <tr id="test.Assertion_Example_AssertionExampleFail_byStatus_failed_FAIL1_row"
                class="testMethodStatusFAIL">
               <td width="100%" class="firstMethodCell">
                  <a onclick="toggleDetailsVisibility('test.Assertion_Example_AssertionExampleFail_byStatus_failed_FAIL1_details')">AssertionExampleFail()</a>
               </td>
               <td nowrap="true">18:39:58</td>
               <td nowrap="true" align="right">0 ms
                  
               </td>
               <td nowrap="true">
                  <a onclick="toggleDetailsVisibility('test.Assertion_Example_AssertionExampleFail_byStatus_failed_FAIL1_exception')">java.lang.AssertionError: 
                     Error message of AssertionExampleFail expected [true] but found [false]
                     
                  </a>
                   
                  
               </td>
            </tr>
            <tr>
               <td colspan="4" class="detailsBox">
                  <div id="test.Assertion_Example_AssertionExampleFail_byStatus_failed_FAIL1_details"
                       class="testMethodDetails">
                     <div>
                        <b>Name: </b>AssertionExampleFail
                     </div>
                     <div>
                        <b>Signature: </b>AssertionExampleFail()[pri:0, instance:test.Assertion_Example@30e4f894]
                     </div>
                     <div>
                        <b>Start time: </b>18:39:58
                     </div>
                     <div>
                        <b>End time: </b>18:39:58
                     </div>
                     <div>
                        <b>Duration: </b>0 ms
                        
                     </div>
                  </div>
               </td>
            </tr>
            <tr>
               <td colspan="4" class="detailsBox">
                  <div id="test.Assertion_Example_AssertionExampleFail_byStatus_failed_FAIL1_exception"
                       class="testMethodDetails">
                     <pre style="padding: 5px; margin: 0;">java.lang.AssertionError: Error message of AssertionExampleFail expected [true] but found [false]
                        	at org.testng.Assert.fail(Assert.java:94)
                        	at org.testng.Assert.failNotEquals(Assert.java:494)
                        	at org.testng.Assert.assertTrue(Assert.java:42)
                        	at test.Assertion_Example.AssertionExampleFail(Assertion_Example.java:20)
                        	at sun.reflect.NativeMethodAccessorImpl.invoke0(Native Method)
                        	at sun.reflect.NativeMethodAccessorImpl.invoke(Unknown Source)
                        	at sun.reflect.DelegatingMethodAccessorImpl.invoke(Unknown Source)
                        	at java.lang.reflect.Method.invoke(Unknown Source)
                        	at org.testng.internal.MethodInvocationHelper.invokeMethod(MethodInvocationHelper.java:84)
                        	at org.testng.internal.Invoker.invokeMethod(Invoker.java:714)
                        	at org.testng.internal.Invoker.invokeTestMethod(Invoker.java:901)
                        	at org.testng.internal.Invoker.invokeTestMethods(Invoker.java:1231)
                        	at org.testng.internal.TestMethodWorker.invokeTestMethods(TestMethodWorker.java:127)
                        	at org.testng.internal.TestMethodWorker.run(TestMethodWorker.java:111)
                        	at org.testng.TestRunner.privateRun(TestRunner.java:767)
                        	at org.testng.TestRunner.run(TestRunner.java:617)
                        	at org.testng.SuiteRunner.runTest(SuiteRunner.java:334)
                        	at org.testng.SuiteRunner.runSequentially(SuiteRunner.java:329)
                        	at org.testng.SuiteRunner.privateRun(SuiteRunner.java:291)
                        	at org.testng.SuiteRunner.run(SuiteRunner.java:240)
                        	at org.testng.SuiteRunnerWorker.runSuite(SuiteRunnerWorker.java:52)
                        	at org.testng.SuiteRunnerWorker.run(SuiteRunnerWorker.java:86)
                        	at org.testng.TestNG.runSuitesSequentially(TestNG.java:1224)
                        	at org.testng.TestNG.runSuitesLocally(TestNG.java:1149)
                        	at org.testng.TestNG.run(TestNG.java:1057)
                        	at org.testng.TestNG.privateMain(TestNG.java:1364)
                        	at org.testng.TestNG.main(TestNG.java:1333)
                     </pre>
                  </div>
               </td>
            </tr>
            <tr id="test.YahooTest_beforeTest_byStatus_passed_PASS1_row"
                class="testMethodStatusPASS testMethodStatusCONF">
               <td width="100%" class="firstMethodCell">
                  <a onclick="toggleDetailsVisibility('test.YahooTest_beforeTest_byStatus_passed_PASS1_details')">beforeTest()</a>
               </td>
               <td nowrap="true">18:39:58</td>
               <td nowrap="true" align="right">0 ms
                  
               </td>
               <td nowrap="true">
                   
                  
               </td>
            </tr>
            <tr>
               <td colspan="4" class="detailsBox">
                  <div id="test.YahooTest_beforeTest_byStatus_passed_PASS1_details"
                       class="testMethodDetails">
                     <div>
                        <b>Name: </b>beforeTest
                     </div>
                     <div>
                        <b>Signature: </b>beforeTest()[pri:0, instance:test.YahooTest@5247fb00]
                     </div>
                     <div>
                        <b>Start time: </b>18:39:58
                     </div>
                     <div>
                        <b>End time: </b>18:39:58
                     </div>
                     <div>
                        <b>Duration: </b>0 ms
                        
                     </div>
                  </div>
               </td>
            </tr>
            <tr></tr>
            <tr id="test.YahooTest_beforeMethod_byStatus_passed_PASS2_row"
                class="testMethodStatusPASS testMethodStatusCONF">
               <td width="100%" class="firstMethodCell">
                  <a onclick="toggleDetailsVisibility('test.YahooTest_beforeMethod_byStatus_passed_PASS2_details')">beforeMethod()</a>
               </td>
               <td nowrap="true">18:39:58</td>
               <td nowrap="true" align="right">0 ms
                  
               </td>
               <td nowrap="true">
                   
                  
               </td>
            </tr>
            <tr>
               <td colspan="4" class="detailsBox">
                  <div id="test.YahooTest_beforeMethod_byStatus_passed_PASS2_details"
                       class="testMethodDetails">
                     <div>
                        <b>Name: </b>beforeMethod
                     </div>
                     <div>
                        <b>Signature: </b>beforeMethod()[pri:0, instance:test.YahooTest@5247fb00]
                     </div>
                     <div>
                        <b>Start time: </b>18:39:58
                     </div>
                     <div>
                        <b>End time: </b>18:39:58
                     </div>
                     <div>
                        <b>Duration: </b>0 ms
                        
                     </div>
                  </div>
               </td>
            </tr>
            <tr></tr>
            <tr id="test.YahooTest_ReceiveMail_byStatus_passed_PASS3_row"
                class="testMethodStatusPASS">
               <td width="100%" class="firstMethodCell">
                  <a onclick="toggleDetailsVisibility('test.YahooTest_ReceiveMail_byStatus_passed_PASS3_details')">ReceiveMail()</a>
               </td>
               <td nowrap="true">18:39:58</td>
               <td nowrap="true" align="right">0 ms
                  
               </td>
               <td nowrap="true">
                   
                  
               </td>
            </tr>
            <tr>
               <td colspan="4" class="detailsBox">
                  <div id="test.YahooTest_ReceiveMail_byStatus_passed_PASS3_details"
                       class="testMethodDetails">
                     <div>
                        <b>Name: </b>ReceiveMail
                     </div>
                     <div>
                        <b>Signature: </b>ReceiveMail()[pri:0, instance:test.YahooTest@5247fb00]
                     </div>
                     <div>
                        <b>Start time: </b>18:39:58
                     </div>
                     <div>
                        <b>End time: </b>18:39:58
                     </div>
                     <div>
                        <b>Duration: </b>0 ms
                        
                     </div>
                  </div>
               </td>
            </tr>
            <tr></tr>
            <tr id="test.YahooTest_afterMethod_byStatus_passed_PASS4_row"
                class="testMethodStatusPASS testMethodStatusCONF">
               <td width="100%" class="firstMethodCell">
                  <a onclick="toggleDetailsVisibility('test.YahooTest_afterMethod_byStatus_passed_PASS4_details')">afterMethod()</a>
               </td>
               <td nowrap="true">18:39:58</td>
               <td nowrap="true" align="right">0 ms
                  
               </td>
               <td nowrap="true">
                   
                  
               </td>
            </tr>
            <tr>
               <td colspan="4" class="detailsBox">
                  <div id="test.YahooTest_afterMethod_byStatus_passed_PASS4_details"
                       class="testMethodDetails">
                     <div>
                        <b>Name: </b>afterMethod
                     </div>
                     <div>
                        <b>Signature: </b>afterMethod()[pri:0, instance:test.YahooTest@5247fb00]
                     </div>
                     <div>
                        <b>Start time: </b>18:39:58
                     </div>
                     <div>
                        <b>End time: </b>18:39:58
                     </div>
                     <div>
                        <b>Duration: </b>0 ms
                        
                     </div>
                  </div>
               </td>
            </tr>
            <tr></tr>
            <tr id="test.YahooTest_beforeMethod_byStatus_passed_PASS5_row"
                class="testMethodStatusPASS testMethodStatusCONF">
               <td width="100%" class="firstMethodCell">
                  <a onclick="toggleDetailsVisibility('test.YahooTest_beforeMethod_byStatus_passed_PASS5_details')">beforeMethod()</a>
               </td>
               <td nowrap="true">18:39:58</td>
               <td nowrap="true" align="right">1 ms
                  
               </td>
               <td nowrap="true">
                   
                  
               </td>
            </tr>
            <tr>
               <td colspan="4" class="detailsBox">
                  <div id="test.YahooTest_beforeMethod_byStatus_passed_PASS5_details"
                       class="testMethodDetails">
                     <div>
                        <b>Name: </b>beforeMethod
                     </div>
                     <div>
                        <b>Signature: </b>beforeMethod()[pri:0, instance:test.YahooTest@5247fb00]
                     </div>
                     <div>
                        <b>Start time: </b>18:39:58
                     </div>
                     <div>
                        <b>End time: </b>18:39:58
                     </div>
                     <div>
                        <b>Duration: </b>1 ms
                        
                     </div>
                  </div>
               </td>
            </tr>
            <tr></tr>
            <tr id="test.YahooTest_testsendmail_byStatus_passed_PASS6_row"
                class="testMethodStatusPASS">
               <td width="100%" class="firstMethodCell">
                  <a onclick="toggleDetailsVisibility('test.YahooTest_testsendmail_byStatus_passed_PASS6_details')">testsendmail()</a>
               </td>
               <td nowrap="true">18:39:58</td>
               <td nowrap="true" align="right">0 ms
                  
               </td>
               <td nowrap="true">
                   
                  
               </td>
            </tr>
            <tr>
               <td colspan="4" class="detailsBox">
                  <div id="test.YahooTest_testsendmail_byStatus_passed_PASS6_details"
                       class="testMethodDetails">
                     <div>
                        <b>Name: </b>testsendmail
                     </div>
                     <div>
                        <b>Signature: </b>testsendmail()[pri:0, instance:test.YahooTest@5247fb00]
                     </div>
                     <div>
                        <b>Start time: </b>18:39:58
                     </div>
                     <div>
                        <b>End time: </b>18:39:58
                     </div>
                     <div>
                        <b>Duration: </b>0 ms
                        
                     </div>
                  </div>
               </td>
            </tr>
            <tr></tr>
            <tr id="test.YahooTest_afterMethod_byStatus_passed_PASS7_row"
                class="testMethodStatusPASS testMethodStatusCONF">
               <td width="100%" class="firstMethodCell">
                  <a onclick="toggleDetailsVisibility('test.YahooTest_afterMethod_byStatus_passed_PASS7_details')">afterMethod()</a>
               </td>
               <td nowrap="true">18:39:58</td>
               <td nowrap="true" align="right">0 ms
                  
               </td>
               <td nowrap="true">
                   
                  
               </td>
            </tr>
            <tr>
               <td colspan="4" class="detailsBox">
                  <div id="test.YahooTest_afterMethod_byStatus_passed_PASS7_details"
                       class="testMethodDetails">
                     <div>
                        <b>Name: </b>afterMethod
                     </div>
                     <div>
                        <b>Signature: </b>afterMethod()[pri:0, instance:test.YahooTest@5247fb00]
                     </div>
                     <div>
                        <b>Start time: </b>18:39:58
                     </div>
                     <div>
                        <b>End time: </b>18:39:58
                     </div>
                     <div>
                        <b>Duration: </b>0 ms
                        
                     </div>
                  </div>
               </td>
            </tr>
            <tr></tr>
            <tr id="test.YahooTest_afterTest_byStatus_passed_PASS8_row"
                class="testMethodStatusPASS testMethodStatusCONF">
               <td width="100%" class="firstMethodCell">
                  <a onclick="toggleDetailsVisibility('test.YahooTest_afterTest_byStatus_passed_PASS8_details')">afterTest()</a>
               </td>
               <td nowrap="true">18:39:58</td>
               <td nowrap="true" align="right">0 ms
                  
               </td>
               <td nowrap="true">
                   
                  
               </td>
            </tr>
            <tr>
               <td colspan="4" class="detailsBox">
                  <div id="test.YahooTest_afterTest_byStatus_passed_PASS8_details"
                       class="testMethodDetails">
                     <div>
                        <b>Name: </b>afterTest
                     </div>
                     <div>
                        <b>Signature: </b>afterTest()[pri:0, instance:test.YahooTest@5247fb00]
                     </div>
                     <div>
                        <b>Start time: </b>18:39:58
                     </div>
                     <div>
                        <b>End time: </b>18:39:58
                     </div>
                     <div>
                        <b>Duration: </b>0 ms
                        
                     </div>
                  </div>
               </td>
            </tr>
            <tr></tr>
            <tr id="test.YahooNews_beforeTestNews_byStatus_passed_PASS9_row"
                class="testMethodStatusPASS testMethodStatusCONF">
               <td width="100%" class="firstMethodCell">
                  <a onclick="toggleDetailsVisibility('test.YahooNews_beforeTestNews_byStatus_passed_PASS9_details')">beforeTestNews()</a>
               </td>
               <td nowrap="true">18:39:58</td>
               <td nowrap="true" align="right">0 ms
                  
               </td>
               <td nowrap="true">
                   
                  
               </td>
            </tr>
            <tr>
               <td colspan="4" class="detailsBox">
                  <div id="test.YahooNews_beforeTestNews_byStatus_passed_PASS9_details"
                       class="testMethodDetails">
                     <div>
                        <b>Name: </b>beforeTestNews
                     </div>
                     <div>
                        <b>Signature: </b>beforeTestNews()[pri:0, instance:test.YahooNews@563e4d49]
                     </div>
                     <div>
                        <b>Start time: </b>18:39:58
                     </div>
                     <div>
                        <b>End time: </b>18:39:58
                     </div>
                     <div>
                        <b>Duration: </b>0 ms
                        
                     </div>
                  </div>
               </td>
            </tr>
            <tr></tr>
            <tr id="test.YahooNews_Yahoo_News_byStatus_passed_PASS10_row"
                class="testMethodStatusPASS">
               <td width="100%" class="firstMethodCell">
                  <a onclick="toggleDetailsVisibility('test.YahooNews_Yahoo_News_byStatus_passed_PASS10_details')">Yahoo_News()</a>
               </td>
               <td nowrap="true">18:39:58</td>
               <td nowrap="true" align="right">0 ms
                  
               </td>
               <td nowrap="true">
                   
                  
               </td>
            </tr>
            <tr>
               <td colspan="4" class="detailsBox">
                  <div id="test.YahooNews_Yahoo_News_byStatus_passed_PASS10_details"
                       class="testMethodDetails">
                     <div>
                        <b>Name: </b>Yahoo_News
                     </div>
                     <div>
                        <b>Signature: </b>Yahoo_News()[pri:0, instance:test.YahooNews@563e4d49]
                     </div>
                     <div>
                        <b>Start time: </b>18:39:58
                     </div>
                     <div>
                        <b>End time: </b>18:39:58
                     </div>
                     <div>
                        <b>Duration: </b>0 ms
                        
                     </div>
                  </div>
               </td>
            </tr>
            <tr></tr>
            <tr id="test.YahooTest_beforeSuite_byStatus_passed_PASS11_row"
                class="testMethodStatusPASS testMethodStatusCONF">
               <td width="100%" class="firstMethodCell">
                  <a onclick="toggleDetailsVisibility('test.YahooTest_beforeSuite_byStatus_passed_PASS11_details')">beforeSuite()</a>
               </td>
               <td nowrap="true">18:39:58</td>
               <td nowrap="true" align="right">7 ms
                  
               </td>
               <td nowrap="true">
                   
                  
               </td>
            </tr>
            <tr>
               <td colspan="4" class="detailsBox">
                  <div id="test.YahooTest_beforeSuite_byStatus_passed_PASS11_details"
                       class="testMethodDetails">
                     <div>
                        <b>Name: </b>beforeSuite
                     </div>
                     <div>
                        <b>Signature: </b>beforeSuite()[pri:0, instance:test.YahooTest@5247fb00]
                     </div>
                     <div>
                        <b>Start time: </b>18:39:58
                     </div>
                     <div>
                        <b>End time: </b>18:39:58
                     </div>
                     <div>
                        <b>Duration: </b>7 ms
                        
                     </div>
                  </div>
               </td>
            </tr>
            <tr></tr>
            <tr id="test.YahooTest_shutDownSelenium_byStatus_passed_PASS12_row"
                class="testMethodStatusPASS testMethodStatusCONF">
               <td width="100%" class="firstMethodCell">
                  <a onclick="toggleDetailsVisibility('test.YahooTest_shutDownSelenium_byStatus_passed_PASS12_details')">shutDownSelenium()</a>
               </td>
               <td nowrap="true">18:39:58</td>
               <td nowrap="true" align="right">1 ms
                  
               </td>
               <td nowrap="true">
                   
                  
               </td>
            </tr>
            <tr>
               <td colspan="4" class="detailsBox">
                  <div id="test.YahooTest_shutDownSelenium_byStatus_passed_PASS12_details"
                       class="testMethodDetails">
                     <div>
                        <b>Name: </b>shutDownSelenium
                     </div>
                     <div>
                        <b>Signature: </b>shutDownSelenium()[pri:0, instance:test.YahooTest@5247fb00]
                     </div>
                     <div>
                        <b>Start time: </b>18:39:58
                     </div>
                     <div>
                        <b>End time: </b>18:39:58
                     </div>
                     <div>
                        <b>Duration: </b>1 ms
                        
                     </div>
                  </div>
               </td>
            </tr>
            <tr></tr>
            <tr id="test.Assertion_Example_AssertionExample_byStatus_passed_PASS13_row"
                class="testMethodStatusPASS">
               <td width="100%" class="firstMethodCell">
                  <a onclick="toggleDetailsVisibility('test.Assertion_Example_AssertionExample_byStatus_passed_PASS13_details')">AssertionExample()</a>
               </td>
               <td nowrap="true">18:39:58</td>
               <td nowrap="true" align="right">1 ms
                  
               </td>
               <td nowrap="true">
                   
                  
               </td>
            </tr>
            <tr>
               <td colspan="4" class="detailsBox">
                  <div id="test.Assertion_Example_AssertionExample_byStatus_passed_PASS13_details"
                       class="testMethodDetails">
                     <div>
                        <b>Name: </b>AssertionExample
                     </div>
                     <div>
                        <b>Signature: </b>AssertionExample()[pri:0, instance:test.Assertion_Example@30e4f894]
                     </div>
                     <div>
                        <b>Start time: </b>18:39:58
                     </div>
                     <div>
                        <b>End time: </b>18:39:58
                     </div>
                     <div>
                        <b>Duration: </b>1 ms
                        
                     </div>
                  </div>
               </td>
            </tr>
            <tr></tr>
            <tr id="test.Assertion_Example_AssertionFailandContinue_byStatus_passed_PASS14_row"
                class="testMethodStatusPASS">
               <td width="100%" class="firstMethodCell">
                  <a onclick="toggleDetailsVisibility('test.Assertion_Example_AssertionFailandContinue_byStatus_passed_PASS14_details')">AssertionFailandContinue()</a>
               </td>
               <td nowrap="true">18:39:58</td>
               <td nowrap="true" align="right">0 ms
                  
               </td>
               <td nowrap="true">
                   
                  
               </td>
            </tr>
            <tr>
               <td colspan="4" class="detailsBox">
                  <div id="test.Assertion_Example_AssertionFailandContinue_byStatus_passed_PASS14_details"
                       class="testMethodDetails">
                     <div>
                        <b>Name: </b>AssertionFailandContinue
                     </div>
                     <div>
                        <b>Signature: </b>AssertionFailandContinue()[pri:0, instance:test.Assertion_Example@30e4f894]
                     </div>
                     <div>
                        <b>Start time: </b>18:39:58
                     </div>
                     <div>
                        <b>End time: </b>18:39:58
                     </div>
                     <div>
                        <b>Duration: </b>0 ms
                        
                     </div>
                  </div>
               </td>
            </tr>
            <tr></tr>
            <tr id="test.SkipTestExample_beforeTest_byStatus_skiped_SKIP1_row"
                class="testMethodStatusSKIP testMethodStatusCONF">
               <td width="100%" class="firstMethodCell">
                  <a onclick="toggleDetailsVisibility('test.SkipTestExample_beforeTest_byStatus_skiped_SKIP1_details')">beforeTest()</a>
               </td>
               <td nowrap="true">18:39:58</td>
               <td nowrap="true" align="right">0 ms
                  
               </td>
               <td nowrap="true">
                  <a onclick="toggleDetailsVisibility('test.SkipTestExample_beforeTest_byStatus_skiped_SKIP1_exception')">org.testng.SkipException: 
                     Skipping this test 
                     
                  </a>
                   
                  
               </td>
            </tr>
            <tr>
               <td colspan="4" class="detailsBox">
                  <div id="test.SkipTestExample_beforeTest_byStatus_skiped_SKIP1_details"
                       class="testMethodDetails">
                     <div>
                        <b>Name: </b>beforeTest
                     </div>
                     <div>
                        <b>Signature: </b>beforeTest()[pri:0, instance:test.SkipTestExample@feb5de5]
                     </div>
                     <div>
                        <b>Start time: </b>18:39:58
                     </div>
                     <div>
                        <b>End time: </b>18:39:58
                     </div>
                     <div>
                        <b>Duration: </b>0 ms
                        
                     </div>
                  </div>
               </td>
            </tr>
            <tr>
               <td colspan="4" class="detailsBox">
                  <div id="test.SkipTestExample_beforeTest_byStatus_skiped_SKIP1_exception"
                       class="testMethodDetails">
                     <pre style="padding: 5px; margin: 0;">org.testng.SkipException: Skipping this test 
                        	at test.SkipTestExample.beforeTest(SkipTestExample.java:29)
                        	at sun.reflect.NativeMethodAccessorImpl.invoke0(Native Method)
                        	at sun.reflect.NativeMethodAccessorImpl.invoke(Unknown Source)
                        	at sun.reflect.DelegatingMethodAccessorImpl.invoke(Unknown Source)
                        	at java.lang.reflect.Method.invoke(Unknown Source)
                        	at org.testng.internal.MethodInvocationHelper.invokeMethod(MethodInvocationHelper.java:84)
                        	at org.testng.internal.Invoker.invokeConfigurationMethod(Invoker.java:564)
                        	at org.testng.internal.Invoker.invokeConfigurations(Invoker.java:213)
                        	at org.testng.internal.Invoker.invokeConfigurations(Invoker.java:138)
                        	at org.testng.TestRunner.beforeRun(TestRunner.java:641)
                        	at org.testng.TestRunner.run(TestRunner.java:609)
                        	at org.testng.SuiteRunner.runTest(SuiteRunner.java:334)
                        	at org.testng.SuiteRunner.runSequentially(SuiteRunner.java:329)
                        	at org.testng.SuiteRunner.privateRun(SuiteRunner.java:291)
                        	at org.testng.SuiteRunner.run(SuiteRunner.java:240)
                        	at org.testng.SuiteRunnerWorker.runSuite(SuiteRunnerWorker.java:52)
                        	at org.testng.SuiteRunnerWorker.run(SuiteRunnerWorker.java:86)
                        	at org.testng.TestNG.runSuitesSequentially(TestNG.java:1224)
                        	at org.testng.TestNG.runSuitesLocally(TestNG.java:1149)
                        	at org.testng.TestNG.run(TestNG.java:1057)
                        	at org.testng.TestNG.privateMain(TestNG.java:1364)
                        	at org.testng.TestNG.main(TestNG.java:1333)
                     </pre>
                  </div>
               </td>
            </tr>
            <tr id="test.SkipTestExample_SkiptheTest_byStatus_skiped_SKIP2_row"
                class="testMethodStatusSKIP">
               <td width="100%" class="firstMethodCell">
                  <a onclick="toggleDetailsVisibility('test.SkipTestExample_SkiptheTest_byStatus_skiped_SKIP2_details')">SkiptheTest()</a>
               </td>
               <td nowrap="true">18:39:58</td>
               <td nowrap="true" align="right">1 ms
                  
               </td>
               <td nowrap="true">
                   
                  
               </td>
            </tr>
            <tr>
               <td colspan="4" class="detailsBox">
                  <div id="test.SkipTestExample_SkiptheTest_byStatus_skiped_SKIP2_details"
                       class="testMethodDetails">
                     <div>
                        <b>Name: </b>SkiptheTest
                     </div>
                     <div>
                        <b>Signature: </b>SkiptheTest()[pri:0, instance:test.SkipTestExample@feb5de5]
                     </div>
                     <div>
                        <b>Start time: </b>18:39:58
                     </div>
                     <div>
                        <b>End time: </b>18:39:58
                     </div>
                     <div>
                        <b>Duration: </b>1 ms
                        
                     </div>
                  </div>
               </td>
            </tr>
            <tr></tr>
         </table>
      </div>
      <div id="testMethodsByClass" style="display: none;">
         <table class="testMethodsTable" cellpadding="0" cellspacing="0">
            <tr>
               <td colspan="4">
                  <h3 style="display: inline;">test.Assertion_Example</h3>
               </td>
            </tr>
            <tr class="methodsTableHeader">
               <td width="100%">Name</td>
               <td nowrap="true">Started</td>
               <td nowrap="true">Duration</td>
               <td>Exception</td>
            </tr>
            <tr id="test.Assertion_Example_AssertionExample_byClass_PASS1_row"
                class="testMethodStatusPASS">
               <td width="100%" class="firstMethodCell">
                  <a onclick="toggleDetailsVisibility('test.Assertion_Example_AssertionExample_byClass_PASS1_details')">AssertionExample()</a>
               </td>
               <td nowrap="true">18:39:58</td>
               <td nowrap="true" align="right">1 ms
                  
               </td>
               <td nowrap="true">
                   
                  
               </td>
            </tr>
            <tr>
               <td colspan="4" class="detailsBox">
                  <div id="test.Assertion_Example_AssertionExample_byClass_PASS1_details"
                       class="testMethodDetails">
                     <div>
                        <b>Name: </b>AssertionExample
                     </div>
                     <div>
                        <b>Signature: </b>AssertionExample()[pri:0, instance:test.Assertion_Example@30e4f894]
                     </div>
                     <div>
                        <b>Start time: </b>18:39:58
                     </div>
                     <div>
                        <b>End time: </b>18:39:58
                     </div>
                     <div>
                        <b>Duration: </b>1 ms
                        
                     </div>
                  </div>
               </td>
            </tr>
            <tr></tr>
            <tr id="test.Assertion_Example_AssertionExampleFail_byClass_FAIL2_row"
                class="testMethodStatusFAIL">
               <td width="100%" class="firstMethodCell">
                  <a onclick="toggleDetailsVisibility('test.Assertion_Example_AssertionExampleFail_byClass_FAIL2_details')">AssertionExampleFail()</a>
               </td>
               <td nowrap="true">18:39:58</td>
               <td nowrap="true" align="right">0 ms
                  
               </td>
               <td nowrap="true">
                  <a onclick="toggleDetailsVisibility('test.Assertion_Example_AssertionExampleFail_byClass_FAIL2_exception')">java.lang.AssertionError: 
                     Error message of AssertionExampleFail expected [true] but found [false]
                     
                  </a>
                   
                  
               </td>
            </tr>
            <tr>
               <td colspan="4" class="detailsBox">
                  <div id="test.Assertion_Example_AssertionExampleFail_byClass_FAIL2_details"
                       class="testMethodDetails">
                     <div>
                        <b>Name: </b>AssertionExampleFail
                     </div>
                     <div>
                        <b>Signature: </b>AssertionExampleFail()[pri:0, instance:test.Assertion_Example@30e4f894]
                     </div>
                     <div>
                        <b>Start time: </b>18:39:58
                     </div>
                     <div>
                        <b>End time: </b>18:39:58
                     </div>
                     <div>
                        <b>Duration: </b>0 ms
                        
                     </div>
                  </div>
               </td>
            </tr>
            <tr>
               <td colspan="4" class="detailsBox">
                  <div id="test.Assertion_Example_AssertionExampleFail_byClass_FAIL2_exception"
                       class="testMethodDetails">
                     <pre style="padding: 5px; margin: 0;">java.lang.AssertionError: Error message of AssertionExampleFail expected [true] but found [false]
                        	at org.testng.Assert.fail(Assert.java:94)
                        	at org.testng.Assert.failNotEquals(Assert.java:494)
                        	at org.testng.Assert.assertTrue(Assert.java:42)
                        	at test.Assertion_Example.AssertionExampleFail(Assertion_Example.java:20)
                        	at sun.reflect.NativeMethodAccessorImpl.invoke0(Native Method)
                        	at sun.reflect.NativeMethodAccessorImpl.invoke(Unknown Source)
                        	at sun.reflect.DelegatingMethodAccessorImpl.invoke(Unknown Source)
                        	at java.lang.reflect.Method.invoke(Unknown Source)
                        	at org.testng.internal.MethodInvocationHelper.invokeMethod(MethodInvocationHelper.java:84)
                        	at org.testng.internal.Invoker.invokeMethod(Invoker.java:714)
                        	at org.testng.internal.Invoker.invokeTestMethod(Invoker.java:901)
                        	at org.testng.internal.Invoker.invokeTestMethods(Invoker.java:1231)
                        	at org.testng.internal.TestMethodWorker.invokeTestMethods(TestMethodWorker.java:127)
                        	at org.testng.internal.TestMethodWorker.run(TestMethodWorker.java:111)
                        	at org.testng.TestRunner.privateRun(TestRunner.java:767)
                        	at org.testng.TestRunner.run(TestRunner.java:617)
                        	at org.testng.SuiteRunner.runTest(SuiteRunner.java:334)
                        	at org.testng.SuiteRunner.runSequentially(SuiteRunner.java:329)
                        	at org.testng.SuiteRunner.privateRun(SuiteRunner.java:291)
                        	at org.testng.SuiteRunner.run(SuiteRunner.java:240)
                        	at org.testng.SuiteRunnerWorker.runSuite(SuiteRunnerWorker.java:52)
                        	at org.testng.SuiteRunnerWorker.run(SuiteRunnerWorker.java:86)
                        	at org.testng.TestNG.runSuitesSequentially(TestNG.java:1224)
                        	at org.testng.TestNG.runSuitesLocally(TestNG.java:1149)
                        	at org.testng.TestNG.run(TestNG.java:1057)
                        	at org.testng.TestNG.privateMain(TestNG.java:1364)
                        	at org.testng.TestNG.main(TestNG.java:1333)
                     </pre>
                  </div>
               </td>
            </tr>
            <tr id="test.Assertion_Example_AssertionFailandContinue_byClass_PASS3_row"
                class="testMethodStatusPASS">
               <td width="100%" class="firstMethodCell">
                  <a onclick="toggleDetailsVisibility('test.Assertion_Example_AssertionFailandContinue_byClass_PASS3_details')">AssertionFailandContinue()</a>
               </td>
               <td nowrap="true">18:39:58</td>
               <td nowrap="true" align="right">0 ms
                  
               </td>
               <td nowrap="true">
                   
                  
               </td>
            </tr>
            <tr>
               <td colspan="4" class="detailsBox">
                  <div id="test.Assertion_Example_AssertionFailandContinue_byClass_PASS3_details"
                       class="testMethodDetails">
                     <div>
                        <b>Name: </b>AssertionFailandContinue
                     </div>
                     <div>
                        <b>Signature: </b>AssertionFailandContinue()[pri:0, instance:test.Assertion_Example@30e4f894]
                     </div>
                     <div>
                        <b>Start time: </b>18:39:58
                     </div>
                     <div>
                        <b>End time: </b>18:39:58
                     </div>
                     <div>
                        <b>Duration: </b>0 ms
                        
                     </div>
                  </div>
               </td>
            </tr>
            <tr></tr>
         </table>
         <br></br>
         <table class="testMethodsTable" cellpadding="0" cellspacing="0">
            <tr>
               <td colspan="4">
                  <h3 style="display: inline;">test.SkipTestExample</h3>
               </td>
            </tr>
            <tr class="methodsTableHeader">
               <td width="100%">Name</td>
               <td nowrap="true">Started</td>
               <td nowrap="true">Duration</td>
               <td>Exception</td>
            </tr>
            <tr id="test.SkipTestExample_beforeTest_byClass_SKIP1_row"
                class="testMethodStatusSKIP testMethodStatusCONF">
               <td width="100%" class="firstMethodCell">
                  <a onclick="toggleDetailsVisibility('test.SkipTestExample_beforeTest_byClass_SKIP1_details')">beforeTest()</a>
               </td>
               <td nowrap="true">18:39:58</td>
               <td nowrap="true" align="right">0 ms
                  
               </td>
               <td nowrap="true">
                  <a onclick="toggleDetailsVisibility('test.SkipTestExample_beforeTest_byClass_SKIP1_exception')">org.testng.SkipException: 
                     Skipping this test 
                     
                  </a>
                   
                  
               </td>
            </tr>
            <tr>
               <td colspan="4" class="detailsBox">
                  <div id="test.SkipTestExample_beforeTest_byClass_SKIP1_details"
                       class="testMethodDetails">
                     <div>
                        <b>Name: </b>beforeTest
                     </div>
                     <div>
                        <b>Signature: </b>beforeTest()[pri:0, instance:test.SkipTestExample@feb5de5]
                     </div>
                     <div>
                        <b>Start time: </b>18:39:58
                     </div>
                     <div>
                        <b>End time: </b>18:39:58
                     </div>
                     <div>
                        <b>Duration: </b>0 ms
                        
                     </div>
                  </div>
               </td>
            </tr>
            <tr>
               <td colspan="4" class="detailsBox">
                  <div id="test.SkipTestExample_beforeTest_byClass_SKIP1_exception"
                       class="testMethodDetails">
                     <pre style="padding: 5px; margin: 0;">org.testng.SkipException: Skipping this test 
                        	at test.SkipTestExample.beforeTest(SkipTestExample.java:29)
                        	at sun.reflect.NativeMethodAccessorImpl.invoke0(Native Method)
                        	at sun.reflect.NativeMethodAccessorImpl.invoke(Unknown Source)
                        	at sun.reflect.DelegatingMethodAccessorImpl.invoke(Unknown Source)
                        	at java.lang.reflect.Method.invoke(Unknown Source)
                        	at org.testng.internal.MethodInvocationHelper.invokeMethod(MethodInvocationHelper.java:84)
                        	at org.testng.internal.Invoker.invokeConfigurationMethod(Invoker.java:564)
                        	at org.testng.internal.Invoker.invokeConfigurations(Invoker.java:213)
                        	at org.testng.internal.Invoker.invokeConfigurations(Invoker.java:138)
                        	at org.testng.TestRunner.beforeRun(TestRunner.java:641)
                        	at org.testng.TestRunner.run(TestRunner.java:609)
                        	at org.testng.SuiteRunner.runTest(SuiteRunner.java:334)
                        	at org.testng.SuiteRunner.runSequentially(SuiteRunner.java:329)
                        	at org.testng.SuiteRunner.privateRun(SuiteRunner.java:291)
                        	at org.testng.SuiteRunner.run(SuiteRunner.java:240)
                        	at org.testng.SuiteRunnerWorker.runSuite(SuiteRunnerWorker.java:52)
                        	at org.testng.SuiteRunnerWorker.run(SuiteRunnerWorker.java:86)
                        	at org.testng.TestNG.runSuitesSequentially(TestNG.java:1224)
                        	at org.testng.TestNG.runSuitesLocally(TestNG.java:1149)
                        	at org.testng.TestNG.run(TestNG.java:1057)
                        	at org.testng.TestNG.privateMain(TestNG.java:1364)
                        	at org.testng.TestNG.main(TestNG.java:1333)
                     </pre>
                  </div>
               </td>
            </tr>
            <tr id="test.SkipTestExample_SkiptheTest_byClass_SKIP2_row"
                class="testMethodStatusSKIP">
               <td width="100%" class="firstMethodCell">
                  <a onclick="toggleDetailsVisibility('test.SkipTestExample_SkiptheTest_byClass_SKIP2_details')">SkiptheTest()</a>
               </td>
               <td nowrap="true">18:39:58</td>
               <td nowrap="true" align="right">1 ms
                  
               </td>
               <td nowrap="true">
                   
                  
               </td>
            </tr>
            <tr>
               <td colspan="4" class="detailsBox">
                  <div id="test.SkipTestExample_SkiptheTest_byClass_SKIP2_details"
                       class="testMethodDetails">
                     <div>
                        <b>Name: </b>SkiptheTest
                     </div>
                     <div>
                        <b>Signature: </b>SkiptheTest()[pri:0, instance:test.SkipTestExample@feb5de5]
                     </div>
                     <div>
                        <b>Start time: </b>18:39:58
                     </div>
                     <div>
                        <b>End time: </b>18:39:58
                     </div>
                     <div>
                        <b>Duration: </b>1 ms
                        
                     </div>
                  </div>
               </td>
            </tr>
            <tr></tr>
         </table>
         <br></br>
         <table class="testMethodsTable" cellpadding="0" cellspacing="0">
            <tr>
               <td colspan="4">
                  <h3 style="display: inline;">test.YahooNews</h3>
               </td>
            </tr>
            <tr class="methodsTableHeader">
               <td width="100%">Name</td>
               <td nowrap="true">Started</td>
               <td nowrap="true">Duration</td>
               <td>Exception</td>
            </tr>
            <tr id="test.YahooNews_beforeTestNews_byClass_PASS1_row"
                class="testMethodStatusPASS testMethodStatusCONF">
               <td width="100%" class="firstMethodCell">
                  <a onclick="toggleDetailsVisibility('test.YahooNews_beforeTestNews_byClass_PASS1_details')">beforeTestNews()</a>
               </td>
               <td nowrap="true">18:39:58</td>
               <td nowrap="true" align="right">0 ms
                  
               </td>
               <td nowrap="true">
                   
                  
               </td>
            </tr>
            <tr>
               <td colspan="4" class="detailsBox">
                  <div id="test.YahooNews_beforeTestNews_byClass_PASS1_details"
                       class="testMethodDetails">
                     <div>
                        <b>Name: </b>beforeTestNews
                     </div>
                     <div>
                        <b>Signature: </b>beforeTestNews()[pri:0, instance:test.YahooNews@563e4d49]
                     </div>
                     <div>
                        <b>Start time: </b>18:39:58
                     </div>
                     <div>
                        <b>End time: </b>18:39:58
                     </div>
                     <div>
                        <b>Duration: </b>0 ms
                        
                     </div>
                  </div>
               </td>
            </tr>
            <tr></tr>
            <tr id="test.YahooNews_Yahoo_News_byClass_PASS2_row" class="testMethodStatusPASS">
               <td width="100%" class="firstMethodCell">
                  <a onclick="toggleDetailsVisibility('test.YahooNews_Yahoo_News_byClass_PASS2_details')">Yahoo_News()</a>
               </td>
               <td nowrap="true">18:39:58</td>
               <td nowrap="true" align="right">0 ms
                  
               </td>
               <td nowrap="true">
                   
                  
               </td>
            </tr>
            <tr>
               <td colspan="4" class="detailsBox">
                  <div id="test.YahooNews_Yahoo_News_byClass_PASS2_details" class="testMethodDetails">
                     <div>
                        <b>Name: </b>Yahoo_News
                     </div>
                     <div>
                        <b>Signature: </b>Yahoo_News()[pri:0, instance:test.YahooNews@563e4d49]
                     </div>
                     <div>
                        <b>Start time: </b>18:39:58
                     </div>
                     <div>
                        <b>End time: </b>18:39:58
                     </div>
                     <div>
                        <b>Duration: </b>0 ms
                        
                     </div>
                  </div>
               </td>
            </tr>
            <tr></tr>
         </table>
         <br></br>
         <table class="testMethodsTable" cellpadding="0" cellspacing="0">
            <tr>
               <td colspan="4">
                  <h3 style="display: inline;">test.YahooTest</h3>
               </td>
            </tr>
            <tr class="methodsTableHeader">
               <td width="100%">Name</td>
               <td nowrap="true">Started</td>
               <td nowrap="true">Duration</td>
               <td>Exception</td>
            </tr>
            <tr id="test.YahooTest_beforeTest_byClass_PASS1_row"
                class="testMethodStatusPASS testMethodStatusCONF">
               <td width="100%" class="firstMethodCell">
                  <a onclick="toggleDetailsVisibility('test.YahooTest_beforeTest_byClass_PASS1_details')">beforeTest()</a>
               </td>
               <td nowrap="true">18:39:58</td>
               <td nowrap="true" align="right">0 ms
                  
               </td>
               <td nowrap="true">
                   
                  
               </td>
            </tr>
            <tr>
               <td colspan="4" class="detailsBox">
                  <div id="test.YahooTest_beforeTest_byClass_PASS1_details" class="testMethodDetails">
                     <div>
                        <b>Name: </b>beforeTest
                     </div>
                     <div>
                        <b>Signature: </b>beforeTest()[pri:0, instance:test.YahooTest@5247fb00]
                     </div>
                     <div>
                        <b>Start time: </b>18:39:58
                     </div>
                     <div>
                        <b>End time: </b>18:39:58
                     </div>
                     <div>
                        <b>Duration: </b>0 ms
                        
                     </div>
                  </div>
               </td>
            </tr>
            <tr></tr>
            <tr id="test.YahooTest_beforeMethod_byClass_PASS2_row"
                class="testMethodStatusPASS testMethodStatusCONF">
               <td width="100%" class="firstMethodCell">
                  <a onclick="toggleDetailsVisibility('test.YahooTest_beforeMethod_byClass_PASS2_details')">beforeMethod()</a>
               </td>
               <td nowrap="true">18:39:58</td>
               <td nowrap="true" align="right">0 ms
                  
               </td>
               <td nowrap="true">
                   
                  
               </td>
            </tr>
            <tr>
               <td colspan="4" class="detailsBox">
                  <div id="test.YahooTest_beforeMethod_byClass_PASS2_details"
                       class="testMethodDetails">
                     <div>
                        <b>Name: </b>beforeMethod
                     </div>
                     <div>
                        <b>Signature: </b>beforeMethod()[pri:0, instance:test.YahooTest@5247fb00]
                     </div>
                     <div>
                        <b>Start time: </b>18:39:58
                     </div>
                     <div>
                        <b>End time: </b>18:39:58
                     </div>
                     <div>
                        <b>Duration: </b>0 ms
                        
                     </div>
                  </div>
               </td>
            </tr>
            <tr></tr>
            <tr id="test.YahooTest_ReceiveMail_byClass_PASS3_row" class="testMethodStatusPASS">
               <td width="100%" class="firstMethodCell">
                  <a onclick="toggleDetailsVisibility('test.YahooTest_ReceiveMail_byClass_PASS3_details')">ReceiveMail()</a>
               </td>
               <td nowrap="true">18:39:58</td>
               <td nowrap="true" align="right">0 ms
                  
               </td>
               <td nowrap="true">
                   
                  
               </td>
            </tr>
            <tr>
               <td colspan="4" class="detailsBox">
                  <div id="test.YahooTest_ReceiveMail_byClass_PASS3_details" class="testMethodDetails">
                     <div>
                        <b>Name: </b>ReceiveMail
                     </div>
                     <div>
                        <b>Signature: </b>ReceiveMail()[pri:0, instance:test.YahooTest@5247fb00]
                     </div>
                     <div>
                        <b>Start time: </b>18:39:58
                     </div>
                     <div>
                        <b>End time: </b>18:39:58
                     </div>
                     <div>
                        <b>Duration: </b>0 ms
                        
                     </div>
                  </div>
               </td>
            </tr>
            <tr></tr>
            <tr id="test.YahooTest_afterMethod_byClass_PASS4_row"
                class="testMethodStatusPASS testMethodStatusCONF">
               <td width="100%" class="firstMethodCell">
                  <a onclick="toggleDetailsVisibility('test.YahooTest_afterMethod_byClass_PASS4_details')">afterMethod()</a>
               </td>
               <td nowrap="true">18:39:58</td>
               <td nowrap="true" align="right">0 ms
                  
               </td>
               <td nowrap="true">
                   
                  
               </td>
            </tr>
            <tr>
               <td colspan="4" class="detailsBox">
                  <div id="test.YahooTest_afterMethod_byClass_PASS4_details" class="testMethodDetails">
                     <div>
                        <b>Name: </b>afterMethod
                     </div>
                     <div>
                        <b>Signature: </b>afterMethod()[pri:0, instance:test.YahooTest@5247fb00]
                     </div>
                     <div>
                        <b>Start time: </b>18:39:58
                     </div>
                     <div>
                        <b>End time: </b>18:39:58
                     </div>
                     <div>
                        <b>Duration: </b>0 ms
                        
                     </div>
                  </div>
               </td>
            </tr>
            <tr></tr>
            <tr id="test.YahooTest_beforeMethod_byClass_PASS5_row"
                class="testMethodStatusPASS testMethodStatusCONF">
               <td width="100%" class="firstMethodCell">
                  <a onclick="toggleDetailsVisibility('test.YahooTest_beforeMethod_byClass_PASS5_details')">beforeMethod()</a>
               </td>
               <td nowrap="true">18:39:58</td>
               <td nowrap="true" align="right">1 ms
                  
               </td>
               <td nowrap="true">
                   
                  
               </td>
            </tr>
            <tr>
               <td colspan="4" class="detailsBox">
                  <div id="test.YahooTest_beforeMethod_byClass_PASS5_details"
                       class="testMethodDetails">
                     <div>
                        <b>Name: </b>beforeMethod
                     </div>
                     <div>
                        <b>Signature: </b>beforeMethod()[pri:0, instance:test.YahooTest@5247fb00]
                     </div>
                     <div>
                        <b>Start time: </b>18:39:58
                     </div>
                     <div>
                        <b>End time: </b>18:39:58
                     </div>
                     <div>
                        <b>Duration: </b>1 ms
                        
                     </div>
                  </div>
               </td>
            </tr>
            <tr></tr>
            <tr id="test.YahooTest_testsendmail_byClass_PASS6_row" class="testMethodStatusPASS">
               <td width="100%" class="firstMethodCell">
                  <a onclick="toggleDetailsVisibility('test.YahooTest_testsendmail_byClass_PASS6_details')">testsendmail()</a>
               </td>
               <td nowrap="true">18:39:58</td>
               <td nowrap="true" align="right">0 ms
                  
               </td>
               <td nowrap="true">
                   
                  
               </td>
            </tr>
            <tr>
               <td colspan="4" class="detailsBox">
                  <div id="test.YahooTest_testsendmail_byClass_PASS6_details"
                       class="testMethodDetails">
                     <div>
                        <b>Name: </b>testsendmail
                     </div>
                     <div>
                        <b>Signature: </b>testsendmail()[pri:0, instance:test.YahooTest@5247fb00]
                     </div>
                     <div>
                        <b>Start time: </b>18:39:58
                     </div>
                     <div>
                        <b>End time: </b>18:39:58
                     </div>
                     <div>
                        <b>Duration: </b>0 ms
                        
                     </div>
                  </div>
               </td>
            </tr>
            <tr></tr>
            <tr id="test.YahooTest_afterMethod_byClass_PASS7_row"
                class="testMethodStatusPASS testMethodStatusCONF">
               <td width="100%" class="firstMethodCell">
                  <a onclick="toggleDetailsVisibility('test.YahooTest_afterMethod_byClass_PASS7_details')">afterMethod()</a>
               </td>
               <td nowrap="true">18:39:58</td>
               <td nowrap="true" align="right">0 ms
                  
               </td>
               <td nowrap="true">
                   
                  
               </td>
            </tr>
            <tr>
               <td colspan="4" class="detailsBox">
                  <div id="test.YahooTest_afterMethod_byClass_PASS7_details" class="testMethodDetails">
                     <div>
                        <b>Name: </b>afterMethod
                     </div>
                     <div>
                        <b>Signature: </b>afterMethod()[pri:0, instance:test.YahooTest@5247fb00]
                     </div>
                     <div>
                        <b>Start time: </b>18:39:58
                     </div>
                     <div>
                        <b>End time: </b>18:39:58
                     </div>
                     <div>
                        <b>Duration: </b>0 ms
                        
                     </div>
                  </div>
               </td>
            </tr>
            <tr></tr>
            <tr id="test.YahooTest_afterTest_byClass_PASS8_row"
                class="testMethodStatusPASS testMethodStatusCONF">
               <td width="100%" class="firstMethodCell">
                  <a onclick="toggleDetailsVisibility('test.YahooTest_afterTest_byClass_PASS8_details')">afterTest()</a>
               </td>
               <td nowrap="true">18:39:58</td>
               <td nowrap="true" align="right">0 ms
                  
               </td>
               <td nowrap="true">
                   
                  
               </td>
            </tr>
            <tr>
               <td colspan="4" class="detailsBox">
                  <div id="test.YahooTest_afterTest_byClass_PASS8_details" class="testMethodDetails">
                     <div>
                        <b>Name: </b>afterTest
                     </div>
                     <div>
                        <b>Signature: </b>afterTest()[pri:0, instance:test.YahooTest@5247fb00]
                     </div>
                     <div>
                        <b>Start time: </b>18:39:58
                     </div>
                     <div>
                        <b>End time: </b>18:39:58
                     </div>
                     <div>
                        <b>Duration: </b>0 ms
                        
                     </div>
                  </div>
               </td>
            </tr>
            <tr></tr>
         </table>
         <br></br>
         <table class="testMethodsTable" cellpadding="0" cellspacing="0">
            <tr>
               <td colspan="4">
                  <h3 style="display: inline;">test.YahooTest</h3>
               </td>
            </tr>
            <tr class="methodsTableHeader">
               <td width="100%">Name</td>
               <td nowrap="true">Started</td>
               <td nowrap="true">Duration</td>
               <td>Exception</td>
            </tr>
            <tr id="test.YahooTest_beforeSuite_byClass_PASS1_row"
                class="testMethodStatusPASS testMethodStatusCONF">
               <td width="100%" class="firstMethodCell">
                  <a onclick="toggleDetailsVisibility('test.YahooTest_beforeSuite_byClass_PASS1_details')">beforeSuite()</a>
               </td>
               <td nowrap="true">18:39:58</td>
               <td nowrap="true" align="right">7 ms
                  
               </td>
               <td nowrap="true">
                   
                  
               </td>
            </tr>
            <tr>
               <td colspan="4" class="detailsBox">
                  <div id="test.YahooTest_beforeSuite_byClass_PASS1_details" class="testMethodDetails">
                     <div>
                        <b>Name: </b>beforeSuite
                     </div>
                     <div>
                        <b>Signature: </b>beforeSuite()[pri:0, instance:test.YahooTest@5247fb00]
                     </div>
                     <div>
                        <b>Start time: </b>18:39:58
                     </div>
                     <div>
                        <b>End time: </b>18:39:58
                     </div>
                     <div>
                        <b>Duration: </b>7 ms
                        
                     </div>
                  </div>
               </td>
            </tr>
            <tr></tr>
            <tr id="test.YahooTest_shutDownSelenium_byClass_PASS2_row"
                class="testMethodStatusPASS testMethodStatusCONF">
               <td width="100%" class="firstMethodCell">
                  <a onclick="toggleDetailsVisibility('test.YahooTest_shutDownSelenium_byClass_PASS2_details')">shutDownSelenium()</a>
               </td>
               <td nowrap="true">18:39:58</td>
               <td nowrap="true" align="right">1 ms
                  
               </td>
               <td nowrap="true">
                   
                  
               </td>
            </tr>
            <tr>
               <td colspan="4" class="detailsBox">
                  <div id="test.YahooTest_shutDownSelenium_byClass_PASS2_details"
                       class="testMethodDetails">
                     <div>
                        <b>Name: </b>shutDownSelenium
                     </div>
                     <div>
                        <b>Signature: </b>shutDownSelenium()[pri:0, instance:test.YahooTest@5247fb00]
                     </div>
                     <div>
                        <b>Start time: </b>18:39:58
                     </div>
                     <div>
                        <b>End time: </b>18:39:58
                     </div>
                     <div>
                        <b>Duration: </b>1 ms
                        
                     </div>
                  </div>
               </td>
            </tr>
            <tr></tr>
         </table>
         <br></br>
      </div>
      <div style="margin-top: 15px; color: gray; text-align: center; font-size: 9px;">
         Generated with
         
         <a href="http://code.google.com/p/testng-xslt/" style="color: #8888aa;"
            target="_blank">
            TestNG XSLT
            
         </a>
      </div>
   </body>
</html>